<?xml version="1.0" encoding="UTF-8"?>
<!-- Generated by org.testng.reporters.JUnitReportReporter -->
<testsuite skipped="0" hostname="LT" name="rough.StudentApi_Serialization" tests="2" failures="0" timestamp="04 Jul 2021 10:21:37 GMT" time="5.082" errors="0">
  <testcase name="createNewStudentSerialization" time="4.514" classname="rough.StudentApi_Serialization"/>
  <testcase name="getStudentRecord_Deserialization" time="0.568" classname="rough.StudentApi_Serialization"/>
</testsuite> <!-- rough.StudentApi_Serialization -->
