<?xml version="1.0" encoding="UTF-8"?>
<!-- Generated by org.testng.reporters.JUnitReportReporter -->
<testsuite skipped="0" hostname="LT" name="rough.StudentApi" tests="2" failures="0" timestamp="04 Jul 2021 09:40:00 GMT" time="4.825" errors="0">
  <testcase name="createNewStudent" time="4.727" classname="rough.StudentApi"/>
  <testcase name="getStudentRecord" time="0.098" classname="rough.StudentApi"/>
</testsuite> <!-- rough.StudentApi -->
