<?xml version="1.0" encoding="UTF-8"?>
<!-- Generated by org.testng.reporters.JUnitReportReporter -->
<testsuite skipped="0" hostname="LT" name="rough.StudentApi_NoSerialization_Deserialization" tests="2" failures="0" timestamp="04 Jul 2021 09:47:33 GMT" time="4.912" errors="0">
  <testcase name="createNewStudent" time="4.822" classname="rough.StudentApi_NoSerialization_Deserialization"/>
  <testcase name="getStudentRecord" time="0.090" classname="rough.StudentApi_NoSerialization_Deserialization"/>
</testsuite> <!-- rough.StudentApi_NoSerialization_Deserialization -->
