<?xml version="1.0" encoding="UTF-8"?>
<!-- Generated by org.testng.reporters.JUnitReportReporter -->
<testsuite skipped="0" hostname="LT" name="tests_Library.Dynamic_Json" tests="1" failures="0" timestamp="19 Jun 2021 16:31:18 GMT" time="3.458" errors="0">
  <testcase name="addBook" time="3.458" classname="tests_Library.Dynamic_Json"/>
</testsuite> <!-- tests_Library.Dynamic_Json -->
