<?xml version="1.0" encoding="UTF-8"?>
<!-- Generated by org.testng.reporters.JUnitReportReporter -->
<testsuite skipped="0" hostname="LT" name="tests.Get_Request" tests="1" failures="0" timestamp="17 Jun 2021 12:42:22 GMT" time="3.509" errors="0">
  <testcase name="postRequest" time="3.509" classname="tests.Get_Request"/>
</testsuite> <!-- tests.Get_Request -->
