<?xml version="1.0" encoding="UTF-8"?>
<!-- Generated by org.testng.reporters.JUnitReportReporter -->
<testsuite skipped="0" hostname="LT" name="tests.TestExample" tests="1" failures="0" timestamp="14 Jun 2021 03:15:53 GMT" time="3.495" errors="0">
  <testcase name="test_1" time="3.495" classname="tests.TestExample"/>
</testsuite> <!-- tests.TestExample -->
