<?xml version="1.0" encoding="UTF-8"?>
<!-- Generated by org.testng.reporters.JUnitReportReporter -->
<testsuite skipped="0" hostname="LT" name="oauth2.OAuth2" tests="1" failures="0" timestamp="20 Jun 2021 03:47:25 GMT" time="3.582" errors="0">
  <testcase name="oauth2" time="3.582" classname="oauth2.OAuth2"/>
</testsuite> <!-- oauth2.OAuth2 -->
