<?xml version="1.0" encoding="UTF-8"?>
<!-- Generated by org.testng.reporters.JUnitReportReporter -->
<testsuite skipped="0" hostname="LT" name="pojo_and_others.StudentApi_Serialization" tests="2" failures="0" timestamp="07 Jul 2021 11:33:55 GMT" time="5.791" errors="0">
  <testcase name="createNewStudentSerialization" time="5.486" classname="pojo_and_others.StudentApi_Serialization"/>
  <testcase name="getStudentRecord_Deserialization" time="0.305" classname="pojo_and_others.StudentApi_Serialization"/>
</testsuite> <!-- pojo_and_others.StudentApi_Serialization -->
